/home/zacky/ws_lidar_landing/install/px4_keyboard_control/lib/python3.10/site-packages/px4_keyboard_control/keyboard.py
/home/zacky/ws_lidar_landing/install/px4_keyboard_control/lib/python3.10/site-packages/px4_keyboard_control/servo_downward.py
/home/zacky/ws_lidar_landing/install/px4_keyboard_control/lib/python3.10/site-packages/px4_keyboard_control/__init__.py
/home/zacky/ws_lidar_landing/install/px4_keyboard_control/lib/python3.10/site-packages/px4_keyboard_control/offboard.py
/home/zacky/ws_lidar_landing/install/px4_keyboard_control/lib/python3.10/site-packages/px4_keyboard_control/__pycache__/keyboard.cpython-310.pyc
/home/zacky/ws_lidar_landing/install/px4_keyboard_control/lib/python3.10/site-packages/px4_keyboard_control/__pycache__/servo_downward.cpython-310.pyc
/home/zacky/ws_lidar_landing/install/px4_keyboard_control/lib/python3.10/site-packages/px4_keyboard_control/__pycache__/__init__.cpython-310.pyc
/home/zacky/ws_lidar_landing/install/px4_keyboard_control/lib/python3.10/site-packages/px4_keyboard_control/__pycache__/offboard.cpython-310.pyc
/home/zacky/ws_lidar_landing/install/px4_keyboard_control/share/ament_index/resource_index/packages/px4_keyboard_control
/home/zacky/ws_lidar_landing/install/px4_keyboard_control/share/px4_keyboard_control/package.xml
/home/zacky/ws_lidar_landing/install/px4_keyboard_control/lib/python3.10/site-packages/px4_keyboard_control-0.0.0-py3.10.egg-info/SOURCES.txt
/home/zacky/ws_lidar_landing/install/px4_keyboard_control/lib/python3.10/site-packages/px4_keyboard_control-0.0.0-py3.10.egg-info/entry_points.txt
/home/zacky/ws_lidar_landing/install/px4_keyboard_control/lib/python3.10/site-packages/px4_keyboard_control-0.0.0-py3.10.egg-info/top_level.txt
/home/zacky/ws_lidar_landing/install/px4_keyboard_control/lib/python3.10/site-packages/px4_keyboard_control-0.0.0-py3.10.egg-info/zip-safe
/home/zacky/ws_lidar_landing/install/px4_keyboard_control/lib/python3.10/site-packages/px4_keyboard_control-0.0.0-py3.10.egg-info/PKG-INFO
/home/zacky/ws_lidar_landing/install/px4_keyboard_control/lib/python3.10/site-packages/px4_keyboard_control-0.0.0-py3.10.egg-info/requires.txt
/home/zacky/ws_lidar_landing/install/px4_keyboard_control/lib/python3.10/site-packages/px4_keyboard_control-0.0.0-py3.10.egg-info/dependency_links.txt
/home/zacky/ws_lidar_landing/install/px4_keyboard_control/lib/px4_keyboard_control/px4_keyboard_handler
/home/zacky/ws_lidar_landing/install/px4_keyboard_control/lib/px4_keyboard_control/px4_offboard_control
/home/zacky/ws_lidar_landing/install/px4_keyboard_control/lib/px4_keyboard_control/px4_servo_control
