[0.097s] DEBUG:colcon:Command line arguments: ['/usr/bin/colcon', 'build']
[0.097s] DEBUG:colcon:Parsed command line arguments: Namespace(log_base=None, log_level=None, verb_name='build', build_base='build', install_base='install', merge_install=False, symlink_install=False, test_result_base=None, continue_on_error=False, executor='parallel', parallel_workers=16, event_handlers=None, ignore_user_meta=False, metas=['./colcon.meta'], base_paths=['.'], packages_ignore=None, packages_ignore_regex=None, paths=None, packages_up_to=None, packages_up_to_regex=None, packages_above=None, packages_above_and_dependencies=None, packages_above_depth=None, packages_select_by_dep=None, packages_skip_by_dep=None, packages_skip_up_to=None, packages_select_build_failed=False, packages_skip_build_finished=False, packages_select_test_failures=False, packages_skip_test_passed=False, packages_select=None, packages_skip=None, packages_select_regex=None, packages_skip_regex=None, packages_start=None, packages_end=None, allow_overriding=[], cmake_args=None, cmake_target=None, cmake_target_skip_unavailable=False, cmake_clean_cache=False, cmake_clean_first=False, cmake_force_configure=False, ament_cmake_args=None, catkin_cmake_args=None, catkin_skip_building_tests=False, mixin_files=None, mixin=None, verb_parser=<colcon_mixin.mixin.mixin_argument.MixinArgumentDecorator object at 0x71c8be266020>, verb_extension=<colcon_core.verb.build.BuildVerb object at 0x71c8be2659c0>, main=<bound method BuildVerb.main of <colcon_core.verb.build.BuildVerb object at 0x71c8be2659c0>>, mixin_verb=('build',))
[0.130s] Level 1:colcon.colcon_core.package_discovery:discover_packages(colcon_meta) check parameters
[0.131s] Level 1:colcon.colcon_core.package_discovery:discover_packages(recursive) check parameters
[0.131s] Level 1:colcon.colcon_core.package_discovery:discover_packages(ignore) check parameters
[0.131s] Level 1:colcon.colcon_core.package_discovery:discover_packages(path) check parameters
[0.131s] Level 1:colcon.colcon_core.package_discovery:discover_packages(colcon_meta) discover
[0.131s] Level 1:colcon.colcon_core.package_discovery:discover_packages(recursive) discover
[0.131s] INFO:colcon.colcon_core.package_discovery:Crawling recursively for packages in '/home/zacky/ws_lidar_landing'
[0.131s] Level 1:colcon.colcon_core.package_identification:_identify(.) by extensions ['ignore', 'ignore_ament_install']
[0.131s] Level 1:colcon.colcon_core.package_identification:_identify(.) by extension 'ignore'
[0.131s] Level 1:colcon.colcon_core.package_identification:_identify(.) by extension 'ignore_ament_install'
[0.131s] Level 1:colcon.colcon_core.package_identification:_identify(.) by extensions ['colcon_pkg']
[0.131s] Level 1:colcon.colcon_core.package_identification:_identify(.) by extension 'colcon_pkg'
[0.131s] Level 1:colcon.colcon_core.package_identification:_identify(.) by extensions ['colcon_meta']
[0.131s] Level 1:colcon.colcon_core.package_identification:_identify(.) by extension 'colcon_meta'
[0.131s] Level 1:colcon.colcon_core.package_identification:_identify(.) by extensions ['ros']
[0.131s] Level 1:colcon.colcon_core.package_identification:_identify(.) by extension 'ros'
[0.152s] Level 1:colcon.colcon_core.package_identification:_identify(.) by extensions ['cmake', 'python']
[0.152s] Level 1:colcon.colcon_core.package_identification:_identify(.) by extension 'cmake'
[0.152s] Level 1:colcon.colcon_core.package_identification:_identify(.) by extension 'python'
[0.152s] Level 1:colcon.colcon_core.package_identification:_identify(.) by extensions ['python_setup_py']
[0.152s] Level 1:colcon.colcon_core.package_identification:_identify(.) by extension 'python_setup_py'
[0.153s] Level 1:colcon.colcon_core.package_identification:_identify(build) by extensions ['ignore', 'ignore_ament_install']
[0.153s] Level 1:colcon.colcon_core.package_identification:_identify(build) by extension 'ignore'
[0.153s] Level 1:colcon.colcon_core.package_identification:_identify(build) ignored
[0.153s] Level 1:colcon.colcon_core.package_identification:_identify(install) by extensions ['ignore', 'ignore_ament_install']
[0.153s] Level 1:colcon.colcon_core.package_identification:_identify(install) by extension 'ignore'
[0.153s] Level 1:colcon.colcon_core.package_identification:_identify(install) ignored
[0.153s] Level 1:colcon.colcon_core.package_identification:_identify(log) by extensions ['ignore', 'ignore_ament_install']
[0.153s] Level 1:colcon.colcon_core.package_identification:_identify(log) by extension 'ignore'
[0.153s] Level 1:colcon.colcon_core.package_identification:_identify(log) ignored
[0.153s] Level 1:colcon.colcon_core.package_identification:_identify(src) by extensions ['ignore', 'ignore_ament_install']
[0.153s] Level 1:colcon.colcon_core.package_identification:_identify(src) by extension 'ignore'
[0.153s] Level 1:colcon.colcon_core.package_identification:_identify(src) by extension 'ignore_ament_install'
[0.153s] Level 1:colcon.colcon_core.package_identification:_identify(src) by extensions ['colcon_pkg']
[0.153s] Level 1:colcon.colcon_core.package_identification:_identify(src) by extension 'colcon_pkg'
[0.153s] Level 1:colcon.colcon_core.package_identification:_identify(src) by extensions ['colcon_meta']
[0.153s] Level 1:colcon.colcon_core.package_identification:_identify(src) by extension 'colcon_meta'
[0.153s] Level 1:colcon.colcon_core.package_identification:_identify(src) by extensions ['ros']
[0.153s] Level 1:colcon.colcon_core.package_identification:_identify(src) by extension 'ros'
[0.153s] Level 1:colcon.colcon_core.package_identification:_identify(src) by extensions ['cmake', 'python']
[0.154s] Level 1:colcon.colcon_core.package_identification:_identify(src) by extension 'cmake'
[0.154s] Level 1:colcon.colcon_core.package_identification:_identify(src) by extension 'python'
[0.154s] Level 1:colcon.colcon_core.package_identification:_identify(src) by extensions ['python_setup_py']
[0.154s] Level 1:colcon.colcon_core.package_identification:_identify(src) by extension 'python_setup_py'
[0.154s] Level 1:colcon.colcon_core.package_identification:_identify(src/px4_keyboard_control) by extensions ['ignore', 'ignore_ament_install']
[0.154s] Level 1:colcon.colcon_core.package_identification:_identify(src/px4_keyboard_control) by extension 'ignore'
[0.154s] Level 1:colcon.colcon_core.package_identification:_identify(src/px4_keyboard_control) by extension 'ignore_ament_install'
[0.154s] Level 1:colcon.colcon_core.package_identification:_identify(src/px4_keyboard_control) by extensions ['colcon_pkg']
[0.154s] Level 1:colcon.colcon_core.package_identification:_identify(src/px4_keyboard_control) by extension 'colcon_pkg'
[0.154s] Level 1:colcon.colcon_core.package_identification:_identify(src/px4_keyboard_control) by extensions ['colcon_meta']
[0.154s] Level 1:colcon.colcon_core.package_identification:_identify(src/px4_keyboard_control) by extension 'colcon_meta'
[0.154s] Level 1:colcon.colcon_core.package_identification:_identify(src/px4_keyboard_control) by extensions ['ros']
[0.154s] Level 1:colcon.colcon_core.package_identification:_identify(src/px4_keyboard_control) by extension 'ros'
[0.156s] DEBUG:colcon.colcon_core.package_identification:Package 'src/px4_keyboard_control' with type 'ros.ament_python' and name 'px4_keyboard_control'
[0.156s] Level 1:colcon.colcon_core.package_discovery:discover_packages(recursive) using defaults
[0.156s] Level 1:colcon.colcon_core.package_discovery:discover_packages(ignore) discover
[0.156s] Level 1:colcon.colcon_core.package_discovery:discover_packages(ignore) using defaults
[0.156s] Level 1:colcon.colcon_core.package_discovery:discover_packages(path) discover
[0.156s] Level 1:colcon.colcon_core.package_discovery:discover_packages(path) using defaults
[0.172s] Level 1:colcon.colcon_core.package_discovery:discover_packages(prefix_path) check parameters
[0.172s] Level 1:colcon.colcon_core.package_discovery:discover_packages(prefix_path) discover
[0.174s] DEBUG:colcon.colcon_installed_package_information.package_discovery:Found 1 installed packages in /home/zacky/ws_lidar_landing/install
[0.175s] DEBUG:colcon.colcon_installed_package_information.package_discovery:Found 2 installed packages in /home/zacky/ws_px4_uxrce/install
[0.175s] DEBUG:colcon.colcon_installed_package_information.package_discovery:Found 20 installed packages in /home/zacky/ws_ego_planner/ego-planner-swarm/install
[0.177s] DEBUG:colcon.colcon_installed_package_information.package_discovery:Found 354 installed packages in /opt/ros/humble
[0.178s] Level 1:colcon.colcon_core.package_discovery:discover_packages(prefix_path) using defaults
[0.226s] Level 5:colcon.colcon_core.verb:set package 'px4_keyboard_control' build argument 'cmake_args' from command line to 'None'
[0.226s] Level 5:colcon.colcon_core.verb:set package 'px4_keyboard_control' build argument 'cmake_target' from command line to 'None'
[0.226s] Level 5:colcon.colcon_core.verb:set package 'px4_keyboard_control' build argument 'cmake_target_skip_unavailable' from command line to 'False'
[0.226s] Level 5:colcon.colcon_core.verb:set package 'px4_keyboard_control' build argument 'cmake_clean_cache' from command line to 'False'
[0.226s] Level 5:colcon.colcon_core.verb:set package 'px4_keyboard_control' build argument 'cmake_clean_first' from command line to 'False'
[0.226s] Level 5:colcon.colcon_core.verb:set package 'px4_keyboard_control' build argument 'cmake_force_configure' from command line to 'False'
[0.226s] Level 5:colcon.colcon_core.verb:set package 'px4_keyboard_control' build argument 'ament_cmake_args' from command line to 'None'
[0.226s] Level 5:colcon.colcon_core.verb:set package 'px4_keyboard_control' build argument 'catkin_cmake_args' from command line to 'None'
[0.226s] Level 5:colcon.colcon_core.verb:set package 'px4_keyboard_control' build argument 'catkin_skip_building_tests' from command line to 'False'
[0.226s] DEBUG:colcon.colcon_core.verb:Building package 'px4_keyboard_control' with the following arguments: {'ament_cmake_args': None, 'build_base': '/home/zacky/ws_lidar_landing/build/px4_keyboard_control', 'catkin_cmake_args': None, 'catkin_skip_building_tests': False, 'cmake_args': None, 'cmake_clean_cache': False, 'cmake_clean_first': False, 'cmake_force_configure': False, 'cmake_target': None, 'cmake_target_skip_unavailable': False, 'install_base': '/home/zacky/ws_lidar_landing/install/px4_keyboard_control', 'merge_install': False, 'path': '/home/zacky/ws_lidar_landing/src/px4_keyboard_control', 'symlink_install': False, 'test_result_base': None}
[0.227s] INFO:colcon.colcon_core.executor:Executing jobs using 'parallel' executor
[0.227s] DEBUG:colcon.colcon_parallel_executor.executor.parallel:run_until_complete
[0.228s] INFO:colcon.colcon_ros.task.ament_python.build:Building ROS package in '/home/zacky/ws_lidar_landing/src/px4_keyboard_control' with build type 'ament_python'
[0.228s] Level 1:colcon.colcon_core.shell:create_environment_hook('px4_keyboard_control', 'ament_prefix_path')
[0.229s] INFO:colcon.colcon_core.plugin_system:Skipping extension 'colcon_core.shell.bat': Not used on non-Windows systems
[0.230s] INFO:colcon.colcon_core.shell:Creating environment hook '/home/zacky/ws_lidar_landing/install/px4_keyboard_control/share/px4_keyboard_control/hook/ament_prefix_path.ps1'
[0.230s] INFO:colcon.colcon_core.shell:Creating environment descriptor '/home/zacky/ws_lidar_landing/install/px4_keyboard_control/share/px4_keyboard_control/hook/ament_prefix_path.dsv'
[0.230s] INFO:colcon.colcon_core.shell:Creating environment hook '/home/zacky/ws_lidar_landing/install/px4_keyboard_control/share/px4_keyboard_control/hook/ament_prefix_path.sh'
[0.231s] INFO:colcon.colcon_core.shell:Skip shell extension 'powershell' for command environment: Not usable outside of PowerShell
[0.231s] DEBUG:colcon.colcon_core.shell:Skip shell extension 'dsv' for command environment
[0.440s] INFO:colcon.colcon_core.task.python.build:Building Python package in '/home/zacky/ws_lidar_landing/src/px4_keyboard_control'
[0.440s] INFO:colcon.colcon_core.shell:Skip shell extension 'powershell' for command environment: Not usable outside of PowerShell
[0.440s] DEBUG:colcon.colcon_core.shell:Skip shell extension 'dsv' for command environment
[1.037s] DEBUG:colcon.colcon_core.event_handler.log_command:Invoking command in '/home/zacky/ws_lidar_landing/src/px4_keyboard_control': PYTHONPATH=/home/zacky/ws_lidar_landing/build/px4_keyboard_control/prefix_override:/usr/lib/python3/dist-packages/colcon_core/task/python/colcon_distutils_commands:/home/zacky/ws_lidar_landing/install/px4_keyboard_control/lib/python3.10/site-packages:${PYTHONPATH} /usr/bin/python3 -W ignore:setup.py install is deprecated -W ignore:easy_install command is deprecated setup.py egg_info --egg-base ../../build/px4_keyboard_control build --build-base /home/zacky/ws_lidar_landing/build/px4_keyboard_control/build install --record /home/zacky/ws_lidar_landing/build/px4_keyboard_control/install.log --single-version-externally-managed install_data
[1.569s] DEBUG:colcon.colcon_core.event_handler.log_command:Invoked command in '/home/zacky/ws_lidar_landing/src/px4_keyboard_control' returned '0': PYTHONPATH=/home/zacky/ws_lidar_landing/build/px4_keyboard_control/prefix_override:/usr/lib/python3/dist-packages/colcon_core/task/python/colcon_distutils_commands:/home/zacky/ws_lidar_landing/install/px4_keyboard_control/lib/python3.10/site-packages:${PYTHONPATH} /usr/bin/python3 -W ignore:setup.py install is deprecated -W ignore:easy_install command is deprecated setup.py egg_info --egg-base ../../build/px4_keyboard_control build --build-base /home/zacky/ws_lidar_landing/build/px4_keyboard_control/build install --record /home/zacky/ws_lidar_landing/build/px4_keyboard_control/install.log --single-version-externally-managed install_data
[1.571s] Level 1:colcon.colcon_core.environment:checking '/home/zacky/ws_lidar_landing/install/px4_keyboard_control' for CMake module files
[1.571s] Level 1:colcon.colcon_core.environment:checking '/home/zacky/ws_lidar_landing/install/px4_keyboard_control' for CMake config files
[1.572s] Level 1:colcon.colcon_core.environment:checking '/home/zacky/ws_lidar_landing/install/px4_keyboard_control/lib'
[1.572s] Level 1:colcon.colcon_core.environment:checking '/home/zacky/ws_lidar_landing/install/px4_keyboard_control/bin'
[1.572s] Level 1:colcon.colcon_core.environment:checking '/home/zacky/ws_lidar_landing/install/px4_keyboard_control/lib/pkgconfig/px4_keyboard_control.pc'
[1.572s] Level 1:colcon.colcon_core.environment:checking '/home/zacky/ws_lidar_landing/install/px4_keyboard_control/lib/python3.10/site-packages'
[1.572s] Level 1:colcon.colcon_core.shell:create_environment_hook('px4_keyboard_control', 'pythonpath')
[1.573s] INFO:colcon.colcon_core.shell:Creating environment hook '/home/zacky/ws_lidar_landing/install/px4_keyboard_control/share/px4_keyboard_control/hook/pythonpath.ps1'
[1.573s] INFO:colcon.colcon_core.shell:Creating environment descriptor '/home/zacky/ws_lidar_landing/install/px4_keyboard_control/share/px4_keyboard_control/hook/pythonpath.dsv'
[1.573s] INFO:colcon.colcon_core.shell:Creating environment hook '/home/zacky/ws_lidar_landing/install/px4_keyboard_control/share/px4_keyboard_control/hook/pythonpath.sh'
[1.574s] Level 1:colcon.colcon_core.environment:checking '/home/zacky/ws_lidar_landing/install/px4_keyboard_control/bin'
[1.574s] Level 1:colcon.colcon_core.environment:create_environment_scripts_only(px4_keyboard_control)
[1.574s] INFO:colcon.colcon_core.shell:Creating package script '/home/zacky/ws_lidar_landing/install/px4_keyboard_control/share/px4_keyboard_control/package.ps1'
[1.574s] INFO:colcon.colcon_core.shell:Creating package descriptor '/home/zacky/ws_lidar_landing/install/px4_keyboard_control/share/px4_keyboard_control/package.dsv'
[1.575s] INFO:colcon.colcon_core.shell:Creating package script '/home/zacky/ws_lidar_landing/install/px4_keyboard_control/share/px4_keyboard_control/package.sh'
[1.576s] INFO:colcon.colcon_core.shell:Creating package script '/home/zacky/ws_lidar_landing/install/px4_keyboard_control/share/px4_keyboard_control/package.bash'
[1.576s] INFO:colcon.colcon_core.shell:Creating package script '/home/zacky/ws_lidar_landing/install/px4_keyboard_control/share/px4_keyboard_control/package.zsh'
[1.577s] Level 1:colcon.colcon_core.environment:create_file_with_runtime_dependencies(/home/zacky/ws_lidar_landing/install/px4_keyboard_control/share/colcon-core/packages/px4_keyboard_control)
[1.577s] DEBUG:colcon.colcon_parallel_executor.executor.parallel:closing loop
[1.577s] DEBUG:colcon.colcon_parallel_executor.executor.parallel:loop closed
[1.577s] DEBUG:colcon.colcon_parallel_executor.executor.parallel:run_until_complete finished with '0'
[1.577s] DEBUG:colcon.colcon_core.event_reactor:joining thread
[1.582s] INFO:colcon.colcon_core.plugin_system:Skipping extension 'colcon_notification.desktop_notification.terminal_notifier': Not used on non-Darwin systems
[1.582s] INFO:colcon.colcon_core.plugin_system:Skipping extension 'colcon_notification.desktop_notification.win32': Not used on non-Windows systems
[1.582s] INFO:colcon.colcon_notification.desktop_notification:Sending desktop notification using 'notify2'
[1.593s] DEBUG:colcon.colcon_core.event_reactor:joined thread
[1.594s] INFO:colcon.colcon_core.shell:Creating prefix script '/home/zacky/ws_lidar_landing/install/local_setup.ps1'
[1.595s] INFO:colcon.colcon_core.shell:Creating prefix util module '/home/zacky/ws_lidar_landing/install/_local_setup_util_ps1.py'
[1.596s] INFO:colcon.colcon_core.shell:Creating prefix chain script '/home/zacky/ws_lidar_landing/install/setup.ps1'
[1.597s] INFO:colcon.colcon_core.shell:Creating prefix script '/home/zacky/ws_lidar_landing/install/local_setup.sh'
[1.598s] INFO:colcon.colcon_core.shell:Creating prefix util module '/home/zacky/ws_lidar_landing/install/_local_setup_util_sh.py'
[1.598s] INFO:colcon.colcon_core.shell:Creating prefix chain script '/home/zacky/ws_lidar_landing/install/setup.sh'
[1.600s] INFO:colcon.colcon_core.shell:Creating prefix script '/home/zacky/ws_lidar_landing/install/local_setup.bash'
[1.600s] INFO:colcon.colcon_core.shell:Creating prefix chain script '/home/zacky/ws_lidar_landing/install/setup.bash'
[1.601s] INFO:colcon.colcon_core.shell:Creating prefix script '/home/zacky/ws_lidar_landing/install/local_setup.zsh'
[1.602s] INFO:colcon.colcon_core.shell:Creating prefix chain script '/home/zacky/ws_lidar_landing/install/setup.zsh'
